<?xml version="1.0" encoding="UTF-8"?>
<!-- Generated by org.testng.reporters.JUnitReportReporter -->
<testsuite hostname="QSP" failures="0" tests="1" name="Skillrary.scripts.Demo" time="27.734" errors="0" timestamp="2021-05-29T13:53:30 IST" skipped="0">
  <testcase classname="Skillrary.scripts.Demo" name="details" time="27.734"/>
</testsuite> <!-- Skillrary.scripts.Demo -->
